<?xml version="1.0" encoding="UTF-8"?>
<!-- Generated by org.testng.reporters.JUnitReportReporter -->
<testsuite hostname="DESKTOP-HK557LU" failures="0" tests="1" name="ecommerce.LoginTest" time="24.088" errors="0" timestamp="2024-12-28T11:57:28 IST" skipped="0">
  <testcase classname="ecommerce.LoginTest" name="ecommerce" time="24.088"/>
</testsuite> <!-- ecommerce.LoginTest -->
