<?xml version="1.0" encoding="UTF-8"?>
<!-- Generated by org.testng.reporters.JUnitReportReporter -->
<testsuite hostname="DESKTOP-HK557LU" failures="0" tests="1" name="folder.LaunchBrowser" time="0.013" errors="0" timestamp="2024-12-28T10:37:16 IST" skipped="0">
  <testcase classname="folder.LaunchBrowser" name="test" time="0.013"/>
</testsuite> <!-- folder.LaunchBrowser -->
